<?xml version="1.0" encoding="UTF-8"?>
<testsuite name="com.ideas.routeOptimization.RouteOptimizerHandlerTest" tests="1" skipped="0" failures="0" errors="0" timestamp="2014-11-10T17:06:56" hostname="didnaisina6" time="0.01">
  <properties/>
  <testcase name="testDummy" classname="com.ideas.routeOptimization.RouteOptimizerHandlerTest" time="0.01"/>
  <system-out><![CDATA[]]></system-out>
  <system-err><![CDATA[]]></system-err>
</testsuite>
